SF:lib\core\models\cart_item_model.dart
DA:13,1
DA:21,1
DA:22,1
DA:23,1
DA:24,1
DA:25,1
DA:26,2
DA:27,2
DA:31,0
DA:32,0
DA:33,0
DA:34,0
DA:35,0
DA:36,0
DA:39,0
DA:40,0
LF:16
LH:8
end_of_record
SF:lib\core\models\service_model.dart
DA:48,1
DA:64,0
DA:65,0
DA:67,0
DA:68,0
DA:69,0
DA:70,0
DA:71,0
DA:72,0
DA:74,0
DA:75,0
DA:76,0
DA:77,0
DA:78,0
DA:79,0
DA:80,0
DA:83,0
DA:84,0
DA:85,0
DA:86,0
DA:87,0
DA:88,0
DA:89,0
DA:90,0
DA:99,1
DA:100,2
DA:101,1
DA:102,2
DA:104,1
DA:105,1
DA:106,1
DA:107,1
DA:108,1
DA:109,1
DA:110,1
DA:113,1
DA:114,0
DA:115,1
DA:116,1
DA:117,0
DA:118,1
DA:119,1
DA:120,1
DA:125,0
DA:126,0
DA:127,0
DA:128,0
DA:129,0
DA:130,0
DA:131,0
DA:132,0
DA:133,0
DA:134,0
DA:135,0
DA:138,0
DA:139,0
DA:143,0
DA:144,0
LF:58
LH:18
end_of_record
SF:lib\core\models\service_option_model.dart
DA:10,0
DA:12,0
DA:13,0
DA:14,0
DA:15,0
DA:19,0
DA:21,0
DA:22,0
LF:8
LH:0
end_of_record
SF:lib\core\models\subscription_plan_model.dart
DA:9,0
DA:11,0
DA:12,0
DA:13,0
DA:14,0
DA:15,0
DA:19,0
DA:20,0
DA:21,0
DA:22,0
DA:25,0
DA:26,0
LF:12
LH:0
end_of_record
SF:lib\core\models\order_model.dart
DA:45,1
DA:64,0
DA:65,0
DA:66,0
DA:67,0
DA:68,0
DA:69,0
DA:70,0
DA:71,0
DA:72,0
DA:73,0
DA:74,0
DA:75,0
DA:76,0
DA:77,0
DA:78,0
DA:79,0
DA:80,0
DA:81,0
DA:83,0
DA:84,0
DA:85,0
DA:87,0
DA:88,0
DA:89,0
DA:94,0
DA:95,0
DA:96,0
DA:97,0
DA:98,0
DA:99,0
DA:100,0
DA:101,0
DA:102,0
DA:103,0
DA:104,0
DA:105,0
DA:106,0
DA:107,0
DA:108,0
DA:109,0
DA:113,0
DA:114,0
LF:43
LH:1
end_of_record
SF:lib\core\models\user_model.dart
DA:35,1
DA:47,0
DA:48,0
DA:49,0
DA:50,0
DA:51,0
DA:52,0
DA:53,0
DA:54,0
DA:55,0
DA:56,0
DA:57,0
DA:59,0
DA:60,0
DA:62,0
DA:67,0
DA:68,0
DA:69,0
DA:70,0
DA:71,0
DA:72,0
DA:73,0
DA:74,0
DA:75,0
DA:80,0
DA:90,0
DA:91,0
DA:92,0
DA:93,0
DA:94,0
DA:95,0
DA:96,0
DA:97,0
DA:98,0
DA:102,0
DA:103,0
LF:36
LH:1
end_of_record
SF:lib\core\services\session_service.dart
DA:19,1
DA:20,2
DA:24,1
DA:25,1
DA:26,1
DA:27,1
DA:28,1
DA:29,1
DA:30,1
DA:31,1
DA:32,2
DA:33,1
DA:35,2
DA:37,3
DA:41,1
DA:42,1
DA:43,2
DA:46,1
DA:47,1
DA:49,2
DA:50,5
DA:51,1
DA:52,1
DA:53,1
DA:55,1
DA:56,0
DA:58,1
DA:59,1
DA:60,1
DA:61,1
DA:62,1
DA:63,1
DA:70,0
DA:76,1
DA:77,1
DA:78,2
DA:82,1
DA:83,1
DA:84,2
LF:39
LH:37
end_of_record
SF:lib\features\user_app\features\cart\data\repositories\cart_repository.dart
DA:13,0
DA:15,0
LF:2
LH:0
end_of_record
SF:lib\features\user_app\features\data\repositories\booking_repository.dart
DA:9,0
DA:12,0
DA:13,0
DA:14,0
DA:16,0
DA:17,0
DA:18,0
DA:19,0
DA:20,0
DA:21,0
DA:22,0
DA:23,0
DA:24,0
DA:25,0
DA:26,0
DA:27,0
DA:28,0
DA:29,0
DA:30,0
DA:31,0
DA:34,0
DA:35,0
DA:36,0
DA:40,0
DA:41,0
DA:42,0
LF:26
LH:0
end_of_record
SF:lib\features\user_app\features\payment_gateway\bloc\checkout_bloc.dart
DA:33,1
DA:48,0
DA:49,1
DA:50,2
DA:53,1
DA:55,3
DA:58,2
DA:59,1
DA:60,0
DA:68,2
DA:70,0
DA:71,0
DA:73,0
DA:75,0
DA:79,3
DA:80,0
DA:84,0
DA:86,0
DA:88,0
DA:89,1
DA:93,2
DA:94,1
DA:95,4
DA:96,1
DA:101,0
DA:103,0
DA:104,0
DA:105,0
DA:106,0
DA:112,1
DA:114,0
DA:115,0
DA:116,0
DA:117,0
DA:118,0
DA:127,1
DA:129,0
DA:130,0
DA:131,0
DA:132,0
DA:133,0
DA:134,0
DA:135,0
DA:136,0
DA:137,0
DA:138,0
DA:139,0
DA:140,0
DA:141,0
DA:142,0
DA:150,1
DA:156,1
DA:157,2
DA:160,2
DA:163,1
DA:164,1
DA:165,1
DA:172,2
DA:173,2
DA:175,3
DA:176,3
DA:177,2
DA:178,1
DA:179,1
DA:181,1
DA:183,1
DA:184,1
DA:186,1
DA:187,1
DA:188,1
DA:189,1
DA:190,1
DA:191,1
DA:194,1
DA:195,1
DA:196,1
DA:201,2
DA:203,0
DA:207,1
DA:208,1
DA:210,1
DA:211,1
DA:212,1
DA:213,1
DA:214,1
DA:215,1
DA:216,1
DA:217,1
DA:218,1
DA:219,1
DA:220,1
DA:221,1
DA:222,1
DA:223,1
DA:229,2
DA:230,1
DA:231,1
DA:234,1
DA:238,1
DA:239,2
DA:240,1
DA:242,1
DA:244,3
DA:247,0
DA:251,2
DA:253,2
DA:255,0
DA:258,3
DA:261,1
DA:262,3
DA:263,2
DA:268,3
DA:269,1
DA:273,2
DA:275,0
DA:278,1
DA:279,1
DA:281,1
DA:282,1
DA:283,1
DA:284,1
DA:285,1
DA:286,1
DA:287,1
DA:288,1
DA:289,1
DA:290,1
DA:291,1
DA:292,1
DA:293,1
DA:294,1
DA:300,2
DA:301,1
DA:302,1
DA:305,1
DA:311,1
DA:313,1
DA:315,3
DA:318,0
DA:322,2
DA:324,2
DA:326,0
DA:329,3
DA:335,0
DA:337,0
LF:145
LH:103
end_of_record
SF:lib\features\user_app\features\payment_gateway\model\payment_models.dart
DA:13,1
DA:25,3
DA:31,3
DA:36,3
LF:4
LH:4
end_of_record
SF:lib\features\user_app\features\payment_gateway\repository\razorpay_payment_repository.dart
DA:15,1
DA:17,0
DA:18,0
DA:20,0
DA:21,0
DA:22,0
DA:26,0
DA:27,0
DA:28,0
DA:32,0
DA:33,0
DA:36,0
DA:37,0
DA:38,0
DA:39,0
DA:40,0
DA:41,0
DA:42,0
DA:43,0
DA:44,0
DA:46,0
DA:51,0
DA:54,0
DA:56,0
DA:59,0
DA:60,0
DA:62,0
DA:64,0
DA:69,0
DA:72,0
DA:74,0
DA:77,0
DA:83,0
DA:88,0
DA:90,0
DA:95,0
DA:97,0
DA:98,0
DA:103,0
DA:106,0
DA:108,0
DA:113,0
DA:114,0
DA:117,0
DA:121,0
LF:45
LH:1
end_of_record
SF:lib\features\user_app\features\payment_gateway\repository\cod_payment_repository.dart
DA:7,0
LF:1
LH:0
end_of_record
SF:lib\features\user_app\features\payment_gateway\bloc\checkout_event.dart
DA:6,1
DA:7,0
DA:8,0
DA:14,1
DA:15,0
DA:16,0
LF:6
LH:2
end_of_record
SF:lib\features\user_app\features\payment_gateway\bloc\checkout_state.dart
DA:9,3
DA:11,1
DA:12,1
DA:13,0
DA:14,1
DA:15,1
DA:19,1
DA:20,4
LF:8
LH:7
end_of_record
